<?xml version="1.0" encoding="UTF-8"?>
<testng-results skipped="0" failed="0" total="1" passed="1">
  <reporter-output>
  </reporter-output>
  <suite name="Default suite" duration-ms="2107" started-at="2020-08-07T14:37:14Z" finished-at="2020-08-07T14:37:16Z">
    <groups>
    </groups>
    <test name="Default test" duration-ms="2107" started-at="2020-08-07T14:37:14Z" finished-at="2020-08-07T14:37:16Z">
      <class name="com.qa.test.GetApiTest">
        <test-method status="PASS" signature="setup()[pri:0, instance:com.qa.test.GetApiTest@7fe8ea47]" name="setup" is-config="true" duration-ms="5" started-at="2020-08-07T20:07:14Z" finished-at="2020-08-07T20:07:14Z">
          <reporter-output>
          </reporter-output>
        </test-method> <!-- setup -->
        <test-method status="PASS" signature="getApiTest()[pri:0, instance:com.qa.test.GetApiTest@7fe8ea47]" name="getApiTest" duration-ms="2091" started-at="2020-08-07T20:07:14Z" finished-at="2020-08-07T20:07:16Z">
          <reporter-output>
          </reporter-output>
        </test-method> <!-- getApiTest -->
      </class> <!-- com.qa.test.GetApiTest -->
    </test> <!-- Default test -->
  </suite> <!-- Default suite -->
</testng-results>
