<?xml version="1.0" encoding="UTF-8"?>
<testng-results skipped="0" failed="0" ignored="0" total="1" passed="1">
  <reporter-output>
  </reporter-output>
  <suite name="Default suite" duration-ms="4214" started-at="2020-12-16T22:56:16 IST" finished-at="2020-12-16T22:56:20 IST">
    <groups>
    </groups>
    <test name="Default test" duration-ms="4214" started-at="2020-12-16T22:56:16 IST" finished-at="2020-12-16T22:56:20 IST">
      <class name="getRequest.GetRequestGiven">
        <test-method status="PASS" signature="getRequest()[pri:0, instance:getRequest.GetRequestGiven@4e7dc304]" name="getRequest" duration-ms="4167" started-at="2020-12-16T22:56:16 IST" finished-at="2020-12-16T22:56:20 IST">
          <reporter-output>
          </reporter-output>
        </test-method> <!-- getRequest -->
      </class> <!-- getRequest.GetRequestGiven -->
    </test> <!-- Default test -->
  </suite> <!-- Default suite -->
</testng-results>
