<?xml version="1.0" encoding="UTF-8"?>
<testng-results skipped="0" failed="0" ignored="0" total="1" passed="1">
  <reporter-output>
  </reporter-output>
  <suite name="Default suite" duration-ms="13378" started-at="2020-07-18T22:50:07 IST" finished-at="2020-07-18T22:50:20 IST">
    <groups>
    </groups>
    <test name="Default test" duration-ms="13378" started-at="2020-07-18T22:50:07 IST" finished-at="2020-07-18T22:50:20 IST">
      <class name="rahulshettyacademy.ExtentReports.ExtentReportDemo">
        <test-method status="PASS" signature="config()[pri:0, instance:rahulshettyacademy.ExtentReports.ExtentReportDemo@10bbd20a]" name="config" is-config="true" duration-ms="119" started-at="2020-07-18T22:50:07 IST" finished-at="2020-07-18T22:50:07 IST">
          <reporter-output>
          </reporter-output>
        </test-method> <!-- config -->
        <test-method status="PASS" signature="initialDemo()[pri:0, instance:rahulshettyacademy.ExtentReports.ExtentReportDemo@10bbd20a]" name="initialDemo" duration-ms="13226" started-at="2020-07-18T22:50:07 IST" finished-at="2020-07-18T22:50:20 IST">
          <reporter-output>
          </reporter-output>
        </test-method> <!-- initialDemo -->
      </class> <!-- rahulshettyacademy.ExtentReports.ExtentReportDemo -->
    </test> <!-- Default test -->
  </suite> <!-- Default suite -->
</testng-results>
