<?xml version="1.0" encoding="UTF-8"?>
<testng-results skipped="0" failed="0" total="1" passed="1">
  <reporter-output>
  </reporter-output>
  <suite name="Default suite" duration-ms="288" started-at="2020-09-15T18:41:47Z" finished-at="2020-09-15T18:41:47Z">
    <groups>
      <group name="cucumber">
        <method signature="AbstractTestNGCucumberTests.feature(cucumber.api.testng.CucumberFeatureWrapper)[pri:0, instance:CucumberOptions.TestRunner@143640d5]" name="feature" class="cucumber.api.testng.AbstractTestNGCucumberTests"/>
      </group> <!-- cucumber -->
    </groups>
    <test name="Default test" duration-ms="288" started-at="2020-09-15T18:41:47Z" finished-at="2020-09-15T18:41:47Z">
      <class name="CucumberOptions.TestRunner">
        <test-method status="PASS" signature="setUpClass()[pri:0, instance:CucumberOptions.TestRunner@143640d5]" name="setUpClass" is-config="true" duration-ms="205" started-at="2020-09-16T00:11:47Z" finished-at="2020-09-16T00:11:47Z">
          <reporter-output>
          </reporter-output>
        </test-method> <!-- setUpClass -->
        <test-method status="PASS" signature="feature(cucumber.api.testng.CucumberFeatureWrapper)[pri:0, instance:CucumberOptions.TestRunner@143640d5]" name="feature" duration-ms="6" started-at="2020-09-16T00:11:47Z" description="Runs Cucumber Feature" data-provider="features" finished-at="2020-09-16T00:11:47Z">
          <params>
            <param index="0">
              <value>
                <![CDATA[Application login]]>
              </value>
            </param>
          </params>
          <reporter-output>
          </reporter-output>
        </test-method> <!-- feature -->
        <test-method status="PASS" signature="tearDownClass()[pri:0, instance:CucumberOptions.TestRunner@143640d5]" name="tearDownClass" is-config="true" duration-ms="6" started-at="2020-09-16T00:11:47Z" finished-at="2020-09-16T00:11:47Z">
          <reporter-output>
          </reporter-output>
        </test-method> <!-- tearDownClass -->
      </class> <!-- CucumberOptions.TestRunner -->
    </test> <!-- Default test -->
  </suite> <!-- Default suite -->
</testng-results>
