<?xml version="1.0" encoding="UTF-8"?>
<!-- Generated by org.testng.reporters.JUnitXMLReporter -->
<testsuite hostname="DESKTOP-BDCNG4O" name="Test" tests="4" failures="0" timestamp="28 Jul 2020 16:55:32 GMT" time="30.871" errors="0">
  <testcase name="basePageNavigation" time="0.054" classname="Academy.EtoEFramework.ValidateTitle"/>
  <testcase name="basePageNavigation" time="0.063" classname="Academy.EtoEFramework.ValidateNavBar"/>
  <testcase name="basePageNavigation" time="6.254" classname="Academy.EtoEFramework.AcademyHomePage"/>
  <testcase name="basePageNavigation" time="2.186" classname="Academy.EtoEFramework.AcademyHomePage"/>
</testsuite> <!-- Test -->
